Determining if the pthread_create exist failed with the following output:
Change Dir: /home/viki/ENPM808X_Midterm/CMakeFiles/CMakeTmp

Run Build Command:"/usr/bin/make" "cmTC_8fbab/fast"
/usr/bin/make -f CMakeFiles/cmTC_8fbab.dir/build.make CMakeFiles/cmTC_8fbab.dir/build
make[1]: Entering directory '/home/viki/ENPM808X_Midterm/CMakeFiles/CMakeTmp'
Building C object CMakeFiles/cmTC_8fbab.dir/CheckSymbolExists.c.o
/usr/bin/cc     -o CMakeFiles/cmTC_8fbab.dir/CheckSymbolExists.c.o   -c /home/viki/ENPM808X_Midterm/CMakeFiles/CMakeTmp/CheckSymbolExists.c
Linking C executable cmTC_8fbab
/usr/bin/cmake -E cmake_link_script CMakeFiles/cmTC_8fbab.dir/link.txt --verbose=1
/usr/bin/cc       CMakeFiles/cmTC_8fbab.dir/CheckSymbolExists.c.o  -o cmTC_8fbab -rdynamic 
CMakeFiles/cmTC_8fbab.dir/CheckSymbolExists.c.o: In function `main':
CheckSymbolExists.c:(.text+0x16): undefined reference to `pthread_create'
collect2: error: ld returned 1 exit status
CMakeFiles/cmTC_8fbab.dir/build.make:97: recipe for target 'cmTC_8fbab' failed
make[1]: *** [cmTC_8fbab] Error 1
make[1]: Leaving directory '/home/viki/ENPM808X_Midterm/CMakeFiles/CMakeTmp'
Makefile:126: recipe for target 'cmTC_8fbab/fast' failed
make: *** [cmTC_8fbab/fast] Error 2

File /home/viki/ENPM808X_Midterm/CMakeFiles/CMakeTmp/CheckSymbolExists.c:
/* */
#include <pthread.h>

int main(int argc, char** argv)
{
  (void)argv;
#ifndef pthread_create
  return ((int*)(&pthread_create))[argc];
#else
  (void)argc;
  return 0;
#endif
}

Determining if the function pthread_create exists in the pthreads failed with the following output:
Change Dir: /home/viki/ENPM808X_Midterm/CMakeFiles/CMakeTmp

Run Build Command:"/usr/bin/make" "cmTC_bb242/fast"
/usr/bin/make -f CMakeFiles/cmTC_bb242.dir/build.make CMakeFiles/cmTC_bb242.dir/build
make[1]: Entering directory '/home/viki/ENPM808X_Midterm/CMakeFiles/CMakeTmp'
Building C object CMakeFiles/cmTC_bb242.dir/CheckFunctionExists.c.o
/usr/bin/cc    -DCHECK_FUNCTION_EXISTS=pthread_create   -o CMakeFiles/cmTC_bb242.dir/CheckFunctionExists.c.o   -c /usr/share/cmake-3.5/Modules/CheckFunctionExists.c
Linking C executable cmTC_bb242
/usr/bin/cmake -E cmake_link_script CMakeFiles/cmTC_bb242.dir/link.txt --verbose=1
/usr/bin/cc   -DCHECK_FUNCTION_EXISTS=pthread_create    CMakeFiles/cmTC_bb242.dir/CheckFunctionExists.c.o  -o cmTC_bb242 -rdynamic -lpthreads 
/usr/bin/ld: cannot find -lpthreads
collect2: error: ld returned 1 exit status
CMakeFiles/cmTC_bb242.dir/build.make:97: recipe for target 'cmTC_bb242' failed
make[1]: *** [cmTC_bb242] Error 1
make[1]: Leaving directory '/home/viki/ENPM808X_Midterm/CMakeFiles/CMakeTmp'
Makefile:126: recipe for target 'cmTC_bb242/fast' failed
make: *** [cmTC_bb242/fast] Error 2


